# JRE version: OpenJDK Runtime Environment (8.0_152-b01) (build 1.8.0_152-release-1248-b01)
# Java VM: OpenJDK 64-Bit Server VM (25.152-b01 mixed mode windows-amd64 compressed oops)
Heap:
 PSYoungGen      total 425984K, used 56198K [0x00000000e0000000, 0x00000000fb580000, 0x0000000100000000)
  eden space 403968K, 8% used [0x00000000e0000000,0x00000000e2162c98,0x00000000f8a80000)
  from space 22016K, 99% used [0x00000000f8a80000,0x00000000f9ffec40,0x00000000fa000000)
  to   space 17920K, 0% used [0x00000000fa400000,0x00000000fa400000,0x00000000fb580000)
 ParOldGen       total 95232K, used 45979K [0x00000000a0000000, 0x00000000a5d00000, 0x00000000e0000000)
  object space 95232K, 48% used [0x00000000a0000000,0x00000000a2ce6d58,0x00000000a5d00000)
 Metaspace       used 102047K, capacity 107980K, committed 108056K, reserved 1142784K
  class space    used 12744K, capacity 13833K, committed 13856K, reserved 1048576K
GC Heap History (10 events):
Event: 3728.586 GC heap before
{Heap before GC invocations=37 (full 4):
 PSYoungGen      total 390144K, used 382709K [0x00000000e0000000, 0x00000000f9a80000, 0x0000000100000000)
  eden space 372224K, 100% used [0x00000000e0000000,0x00000000f6b80000,0x00000000f6b80000)
  from space 17920K, 58% used [0x00000000f8900000,0x00000000f933d418,0x00000000f9a80000)
  to   space 24064K, 0% used [0x00000000f6b80000,0x00000000f6b80000,0x00000000f8300000)
 ParOldGen       total 95232K, used 45344K [0x00000000a0000000, 0x00000000a5d00000, 0x00000000e0000000)
  object space 95232K, 47% used [0x00000000a0000000,0x00000000a2c480d0,0x00000000a5d00000)
 Metaspace       used 99236K, capacity 103864K, committed 103960K, reserved 1140736K
  class space    used 12393K, capacity 13307K, committed 13344K, reserved 1048576K
Event: 3729.068 GC heap after
Heap after GC invocations=37 (full 4):
 PSYoungGen      total 396288K, used 10142K [0x00000000e0000000, 0x00000000fa980000, 0x0000000100000000)
  eden space 372224K, 0% used [0x00000000e0000000,0x00000000e0000000,0x00000000f6b80000)
  from space 24064K, 42% used [0x00000000f6b80000,0x00000000f7567838,0x00000000f8300000)
  to   space 23040K, 0% used [0x00000000f9300000,0x00000000f9300000,0x00000000fa980000)
 ParOldGen       total 95232K, used 45352K [0x00000000a0000000, 0x00000000a5d00000, 0x00000000e0000000)
  object space 95232K, 47% used [0x00000000a0000000,0x00000000a2c4a0d0,0x00000000a5d00000)
 Metaspace       used 99236K, capacity 103864K, committed 103960K, reserved 1140736K
  class space    used 12393K, capacity 13307K, committed 13344K, reserved 1048576K
}
Event: 3738.595 GC heap before
{Heap before GC invocations=38 (full 4):
 PSYoungGen      total 396288K, used 381386K [0x00000000e0000000, 0x00000000fa980000, 0x0000000100000000)
  eden space 372224K, 99% used [0x00000000e0000000,0x00000000f6a8b2c0,0x00000000f6b80000)
  from space 24064K, 42% used [0x00000000f6b80000,0x00000000f7567838,0x00000000f8300000)
  to   space 23040K, 0% used [0x00000000f9300000,0x00000000f9300000,0x00000000fa980000)
 ParOldGen       total 95232K, used 45352K [0x00000000a0000000, 0x00000000a5d00000, 0x00000000e0000000)
  object space 95232K, 47% used [0x00000000a0000000,0x00000000a2c4a0d0,0x00000000a5d00000)
 Metaspace       used 99394K, capacity 104030K, committed 104216K, reserved 1140736K
  class space    used 12400K, capacity 13316K, committed 13344K, reserved 1048576K
Event: 3738.686 GC heap after
Heap after GC invocations=38 (full 4):
 PSYoungGen      total 411648K, used 15914K [0x00000000e0000000, 0x00000000faf00000, 0x0000000100000000)
  eden space 388608K, 0% used [0x00000000e0000000,0x00000000e0000000,0x00000000f7b80000)
  from space 23040K, 69% used [0x00000000f9300000,0x00000000fa28a968,0x00000000fa980000)
  to   space 24064K, 0% used [0x00000000f7b80000,0x00000000f7b80000,0x00000000f9300000)
 ParOldGen       total 95232K, used 45360K [0x00000000a0000000, 0x00000000a5d00000, 0x00000000e0000000)
  object space 95232K, 47% used [0x00000000a0000000,0x00000000a2c4c0d0,0x00000000a5d00000)
 Metaspace       used 99394K, capacity 104030K, committed 104216K, reserved 1140736K
  class space    used 12400K, capacity 13316K, committed 13344K, reserved 1048576K
}
Event: 3765.945 GC heap before
{Heap before GC invocations=39 (full 4):
 PSYoungGen      total 411648K, used 404522K [0x00000000e0000000, 0x00000000faf00000, 0x0000000100000000)
  eden space 388608K, 100% used [0x00000000e0000000,0x00000000f7b80000,0x00000000f7b80000)
  from space 23040K, 69% used [0x00000000f9300000,0x00000000fa28a968,0x00000000fa980000)
  to   space 24064K, 0% used [0x00000000f7b80000,0x00000000f7b80000,0x00000000f9300000)
 ParOldGen       total 95232K, used 45360K [0x00000000a0000000, 0x00000000a5d00000, 0x00000000e0000000)
  object space 95232K, 47% used [0x00000000a0000000,0x00000000a2c4c0d0,0x00000000a5d00000)
 Metaspace       used 99602K, capacity 104454K, committed 104472K, reserved 1140736K
  class space    used 12416K, capacity 13344K, committed 13344K, reserved 1048576K
Event: 3765.972 GC heap after
Heap after GC invocations=39 (full 4):
 PSYoungGen      total 412672K, used 7019K [0x00000000e0000000, 0x00000000fba80000, 0x0000000100000000)
  eden space 388608K, 0% used [0x00000000e0000000,0x00000000e0000000,0x00000000f7b80000)
  from space 24064K, 29% used [0x00000000f7b80000,0x00000000f825ae90,0x00000000f9300000)
  to   space 23040K, 0% used [0x00000000fa400000,0x00000000fa400000,0x00000000fba80000)
 ParOldGen       total 95232K, used 45368K [0x00000000a0000000, 0x00000000a5d00000, 0x00000000e0000000)
  object space 95232K, 47% used [0x00000000a0000000,0x00000000a2c4e0d0,0x00000000a5d00000)
 Metaspace       used 99602K, capacity 104454K, committed 104472K, reserved 1140736K
  class space    used 12416K, capacity 13344K, committed 13344K, reserved 1048576K
}
Event: 3887.550 GC heap before
{Heap before GC invocations=40 (full 4):
 PSYoungGen      total 412672K, used 395187K [0x00000000e0000000, 0x00000000fba80000, 0x0000000100000000)
  eden space 388608K, 99% used [0x00000000e0000000,0x00000000f7b120c8,0x00000000f7b80000)
  from space 24064K, 29% used [0x00000000f7b80000,0x00000000f825ae90,0x00000000f9300000)
  to   space 23040K, 0% used [0x00000000fa400000,0x00000000fa400000,0x00000000fba80000)
 ParOldGen       total 95232K, used 45368K [0x00000000a0000000, 0x00000000a5d00000, 0x00000000e0000000)
  object space 95232K, 47% used [0x00000000a0000000,0x00000000a2c4e0d0,0x00000000a5d00000)
 Metaspace       used 100817K, capacity 106700K, committed 106904K, reserved 1142784K
  class space    used 12633K, capacity 13709K, committed 13728K, reserved 1048576K
Event: 3887.648 GC heap after
Heap after GC invocations=40 (full 4):
 PSYoungGen      total 421888K, used 8069K [0x00000000e0000000, 0x00000000fb580000, 0x0000000100000000)
  eden space 403968K, 0% used [0x00000000e0000000,0x00000000e0000000,0x00000000f8a80000)
  from space 17920K, 45% used [0x00000000fa400000,0x00000000fabe17d8,0x00000000fb580000)
  to   space 22016K, 0% used [0x00000000f8a80000,0x00000000f8a80000,0x00000000fa000000)
 ParOldGen       total 95232K, used 45376K [0x00000000a0000000, 0x00000000a5d00000, 0x00000000e0000000)
  object space 95232K, 47% used [0x00000000a0000000,0x00000000a2c500d0,0x00000000a5d00000)
 Metaspace       used 100817K, capacity 106700K, committed 106904K, reserved 1142784K
  class space    used 12633K, capacity 13709K, committed 13728K, reserved 1048576K
}
Event: 3923.968 GC heap before
{Heap before GC invocations=41 (full 4):
 PSYoungGen      total 421888K, used 412037K [0x00000000e0000000, 0x00000000fb580000, 0x0000000100000000)
  eden space 403968K, 100% used [0x00000000e0000000,0x00000000f8a80000,0x00000000f8a80000)
  from space 17920K, 45% used [0x00000000fa400000,0x00000000fabe17d8,0x00000000fb580000)
  to   space 22016K, 0% used [0x00000000f8a80000,0x00000000f8a80000,0x00000000fa000000)
 ParOldGen       total 95232K, used 45376K [0x00000000a0000000, 0x00000000a5d00000, 0x00000000e0000000)
  object space 95232K, 47% used [0x00000000a0000000,0x00000000a2c500d0,0x00000000a5d00000)
 Metaspace       used 102034K, capacity 107980K, committed 108056K, reserved 1142784K
  class space    used 12744K, capacity 13833K, committed 13856K, reserved 1048576K
Event: 3925.844 GC heap after
Heap after GC invocations=41 (full 4):
 PSYoungGen      total 425984K, used 22011K [0x00000000e0000000, 0x00000000fb580000, 0x0000000100000000)
  eden space 403968K, 0% used [0x00000000e0000000,0x00000000e0000000,0x00000000f8a80000)
  from space 22016K, 99% used [0x00000000f8a80000,0x00000000f9ffec40,0x00000000fa000000)
  to   space 17920K, 0% used [0x00000000fa400000,0x00000000fa400000,0x00000000fb580000)
 ParOldGen       total 95232K, used 45979K [0x00000000a0000000, 0x00000000a5d00000, 0x00000000e0000000)
  object space 95232K, 48% used [0x00000000a0000000,0x00000000a2ce6d58,0x00000000a5d00000)
 Metaspace       used 102034K, capacity 107980K, committed 108056K, reserved 1142784K
  class space    used 12744K, capacity 13833K, committed 13856K, reserved 1048576K
}

